Build started 2013-09-26 오후 10:48:07.
     1>Project "C:\Users\freeppro\Documents\GitHub\OOP344\basicMath\basicMath\basicMath\basicMath.vcxproj" on node 2 (Build target(s)).
     1>ClCompile:
         C:\Program Files\Microsoft Visual Studio 11.0\VC\bin\CL.exe /c /ZI /nologo /W3 /WX- /Od /Oy- /D _MBCS /Gm /EHsc /RTC1 /MDd /GS /fp:precise /Zc:wchar_t /Zc:forScope /Fo"Debug\\" /Fd"Debug\vc110.pdb" /Gd /TP /analyze- /errorReport:prompt bm.cpp op.cpp
         bm.cpp
     1>c:\users\freeppro\documents\github\oop344\basicmath\basicmath\basicmath\bm.cpp(21): warning C4101: 'ldb_leftNo' : unreferenced local variable
     1>c:\users\freeppro\documents\github\oop344\basicmath\basicmath\basicmath\bm.cpp(21): warning C4101: 'ldb_rightNo' : unreferenced local variable
         Generating Code...
         Compiling...
         op.cpp
     1>c:\users\freeppro\documents\github\oop344\basicmath\basicmath\basicmath\op.cpp(41): warning C4996: 'strcpy': This function or variable may be unsafe. Consider using strcpy_s instead. To disable deprecation, use _CRT_SECURE_NO_WARNINGS. See online help for details.
                 c:\program files\microsoft visual studio 11.0\vc\include\string.h(110) : see declaration of 'strcpy'
         Generating Code...
       Link:
         C:\Program Files\Microsoft Visual Studio 11.0\VC\bin\link.exe /ERRORREPORT:PROMPT /OUT:"C:\Users\freeppro\Documents\GitHub\OOP344\basicMath\basicMath\Debug\basicMath.exe" /INCREMENTAL /NOLOGO kernel32.lib user32.lib gdi32.lib winspool.lib comdlg32.lib advapi32.lib shell32.lib ole32.lib oleaut32.lib uuid.lib odbc32.lib odbccp32.lib /MANIFEST /MANIFESTUAC:"level='asInvoker' uiAccess='false'" /manifest:embed /DEBUG /PDB:"C:\Users\freeppro\Documents\GitHub\OOP344\basicMath\basicMath\Debug\basicMath.pdb" /TLBID:1 /DYNAMICBASE /NXCOMPAT /IMPLIB:"C:\Users\freeppro\Documents\GitHub\OOP344\basicMath\basicMath\Debug\basicMath.lib" /MACHINE:X86 Debug\bm.obj
         Debug\op.obj
         basicMath.vcxproj -> C:\Users\freeppro\Documents\GitHub\OOP344\basicMath\basicMath\Debug\basicMath.exe
     1>Done Building Project "C:\Users\freeppro\Documents\GitHub\OOP344\basicMath\basicMath\basicMath\basicMath.vcxproj" (Build target(s)).

Build succeeded.

Time Elapsed 00:00:02.15
